<?xml version="1.0" encoding="UTF-8"?>
<!-- Generated by org.testng.reporters.JUnitReportReporter -->
<testsuite hostname="DESKTOP-CI74CGQ" failures="0" tests="4" name="com.qa.crm.tests.LoginPageTest" time="12.316" errors="0" timestamp="2025-03-31T18:46:11 IST" skipped="0">
  <testcase classname="com.qa.crm.tests.LoginPageTest" name="loginPageURLTest" time="0.398"/>
  <testcase classname="com.qa.crm.tests.LoginPageTest" name="bellIconExist" time="3.023"/>
  <testcase classname="com.qa.crm.tests.LoginPageTest" name="loginPageTitleTest" time="1.138"/>
  <testcase classname="com.qa.crm.tests.LoginPageTest" name="loginTest" time="7.757"/>
</testsuite> <!-- com.qa.crm.tests.LoginPageTest -->
