<?xml version="1.0" encoding="UTF-8"?>
<!-- Generated by org.testng.reporters.JUnitReportReporter -->
<testsuite hostname="DESKTOP-CI74CGQ" failures="0" tests="7" name="com.qa.crm.tests.ContactsPageTest" time="83.128" errors="0" timestamp="2025-04-12T21:30:17 IST" skipped="0">
  <testcase classname="com.qa.crm.tests.ContactsPageTest" name="verifyContactsPageLabelTest" time="0.998"/>
  <testcase classname="com.qa.crm.tests.ContactsPageTest" name="createNewContactTest" time="18.892"/>
  <testcase classname="com.qa.crm.tests.ContactsPageTest" name="createNewContactTest" time="17.509"/>
  <testcase classname="com.qa.crm.tests.ContactsPageTest" name="createNewContactTest" time="12.964"/>
  <testcase classname="com.qa.crm.tests.ContactsPageTest" name="searchTest" time="10.729"/>
  <testcase classname="com.qa.crm.tests.ContactsPageTest" name="searchTest" time="10.899"/>
  <testcase classname="com.qa.crm.tests.ContactsPageTest" name="searchTest" time="11.137"/>
</testsuite> <!-- com.qa.crm.tests.ContactsPageTest -->
