<?xml version="1.0" encoding="UTF-8"?>
<!-- Generated by org.testng.reporters.JUnitReportReporter -->
<testsuite hostname="DESKTOP-CI74CGQ" failures="0" tests="7" name="com.qa.crm.tests.ContactsPageTest" time="80.086" errors="0" timestamp="2025-03-31T18:46:11 IST" skipped="0">
  <testcase classname="com.qa.crm.tests.ContactsPageTest" name="verifyContactsPageLabelTest" time="2.794"/>
  <testcase classname="com.qa.crm.tests.ContactsPageTest" name="createNewContactTest" time="16.299"/>
  <testcase classname="com.qa.crm.tests.ContactsPageTest" name="createNewContactTest" time="13.398"/>
  <testcase classname="com.qa.crm.tests.ContactsPageTest" name="createNewContactTest" time="15.000"/>
  <testcase classname="com.qa.crm.tests.ContactsPageTest" name="searchTest" time="10.800"/>
  <testcase classname="com.qa.crm.tests.ContactsPageTest" name="searchTest" time="10.819"/>
  <testcase classname="com.qa.crm.tests.ContactsPageTest" name="searchTest" time="10.976"/>
</testsuite> <!-- com.qa.crm.tests.ContactsPageTest -->
