<?xml version="1.0" encoding="UTF-8"?>
<!-- Generated by org.testng.reporters.JUnitReportReporter -->
<testsuite hostname="DESKTOP-CI74CGQ" failures="0" tests="4" name="com.qa.crm.tests.LoginPageTest" time="8.845" errors="0" timestamp="2025-04-13T18:39:26 IST" skipped="0">
  <testcase classname="com.qa.crm.tests.LoginPageTest" name="loginPageTitleTest" time="0.189"/>
  <testcase classname="com.qa.crm.tests.LoginPageTest" name="bellIconExist" time="3.129"/>
  <testcase classname="com.qa.crm.tests.LoginPageTest" name="loginPageURLTest" time="0.047"/>
  <testcase classname="com.qa.crm.tests.LoginPageTest" name="loginTest" time="5.480"/>
</testsuite> <!-- com.qa.crm.tests.LoginPageTest -->
