<?xml version="1.0" encoding="UTF-8"?>
<!-- Generated by org.testng.reporters.JUnitReportReporter -->
<testsuite hostname="DESKTOP-CI74CGQ" failures="0" tests="7" name="com.qa.crm.tests.ContactsPageTest" time="76.805" errors="0" timestamp="2025-04-13T13:40:21 IST" skipped="0">
  <testcase classname="com.qa.crm.tests.ContactsPageTest" name="verifyContactsPageLabelTest" time="1.523"/>
  <testcase classname="com.qa.crm.tests.ContactsPageTest" name="createNewContactTest" time="11.945"/>
  <testcase classname="com.qa.crm.tests.ContactsPageTest" name="createNewContactTest" time="15.459"/>
  <testcase classname="com.qa.crm.tests.ContactsPageTest" name="createNewContactTest" time="16.282"/>
  <testcase classname="com.qa.crm.tests.ContactsPageTest" name="searchTest" time="10.641"/>
  <testcase classname="com.qa.crm.tests.ContactsPageTest" name="searchTest" time="10.943"/>
  <testcase classname="com.qa.crm.tests.ContactsPageTest" name="searchTest" time="10.012"/>
</testsuite> <!-- com.qa.crm.tests.ContactsPageTest -->
