<?xml version="1.0" encoding="UTF-8"?>
<!-- Generated by org.testng.reporters.JUnitReportReporter -->
<testsuite hostname="DESKTOP-CI74CGQ" failures="0" tests="7" name="com.qa.crm.tests.ContactsPageTest" time="75.744" errors="0" timestamp="2025-04-13T18:39:26 IST" skipped="0">
  <testcase classname="com.qa.crm.tests.ContactsPageTest" name="verifyContactsPageLabelTest" time="1.353"/>
  <testcase classname="com.qa.crm.tests.ContactsPageTest" name="createNewContactTest" time="14.305"/>
  <testcase classname="com.qa.crm.tests.ContactsPageTest" name="createNewContactTest" time="13.751"/>
  <testcase classname="com.qa.crm.tests.ContactsPageTest" name="createNewContactTest" time="14.834"/>
  <testcase classname="com.qa.crm.tests.ContactsPageTest" name="searchTest" time="9.866"/>
  <testcase classname="com.qa.crm.tests.ContactsPageTest" name="searchTest" time="9.851"/>
  <testcase classname="com.qa.crm.tests.ContactsPageTest" name="searchTest" time="11.784"/>
</testsuite> <!-- com.qa.crm.tests.ContactsPageTest -->
