<?xml version="1.0" encoding="UTF-8"?>
<!-- Generated by org.testng.reporters.JUnitReportReporter -->
<testsuite hostname="DESKTOP-CI74CGQ" failures="0" tests="4" name="com.qa.crm.tests.LoginPageTest" time="12.281" errors="0" timestamp="2025-04-13T13:40:21 IST" skipped="0">
  <testcase classname="com.qa.crm.tests.LoginPageTest" name="bellIconExist" time="2.750"/>
  <testcase classname="com.qa.crm.tests.LoginPageTest" name="loginPageTitleTest" time="2.752"/>
  <testcase classname="com.qa.crm.tests.LoginPageTest" name="loginPageURLTest" time="0.889"/>
  <testcase classname="com.qa.crm.tests.LoginPageTest" name="loginTest" time="5.890"/>
</testsuite> <!-- com.qa.crm.tests.LoginPageTest -->
