<?xml version="1.0" encoding="UTF-8"?>
<!-- Generated by org.testng.reporters.JUnitReportReporter -->
<testsuite hostname="DESKTOP-CI74CGQ" failures="0" tests="6" name="com.qa.crm.tests.HomePageTest" time="10.117" errors="0" timestamp="2025-04-01T22:50:12 IST" skipped="0">
  <testcase classname="com.qa.crm.tests.HomePageTest" name="homePageTitleTest" time="0.011"/>
  <system-out/>
  <testcase classname="com.qa.crm.tests.HomePageTest" name="isHomePageIconTest" time="6.311"/>
  <system-out/>
  <testcase classname="com.qa.crm.tests.HomePageTest" name="isCalendarPageIconTest" time="1.023"/>
  <system-out/>
  <testcase classname="com.qa.crm.tests.HomePageTest" name="isContactsPageIconTest" time="2.492"/>
  <system-out/>
  <testcase classname="com.qa.crm.tests.HomePageTest" name="homePageHeadersCountTest" time="0.106"/>
  <system-out/>
  <testcase classname="com.qa.crm.tests.HomePageTest" name="homePageHeadersTest" time="0.174"/>
  <system-out/>
</testsuite> <!-- com.qa.crm.tests.HomePageTest -->
