<?xml version="1.0" encoding="UTF-8"?>
<!-- Generated by org.testng.reporters.JUnitReportReporter -->
<testsuite hostname="DESKTOP-CI74CGQ" failures="0" tests="3" name="com.qa.crm.tests.FormPageTest" time="43.437" errors="0" timestamp="2025-03-29T22:19:59 IST" skipped="0">
  <testcase classname="com.qa.crm.tests.FormPageTest" name="formSubmitPageTest" time="17.464"/>
  <system-out/>
  <testcase classname="com.qa.crm.tests.FormPageTest" name="formSubmitPageTest" time="13.043"/>
  <system-out/>
  <testcase classname="com.qa.crm.tests.FormPageTest" name="formSubmitPageTest" time="12.930"/>
  <system-out/>
</testsuite> <!-- com.qa.crm.tests.FormPageTest -->
