<?xml version="1.0" encoding="UTF-8"?>
<!-- Generated by org.testng.reporters.JUnitReportReporter -->
<testsuite hostname="DESKTOP-CI74CGQ" failures="0" tests="7" name="com.qa.crm.tests.ContactsPageTest" time="44.520" errors="0" timestamp="2025-03-30T19:01:04 IST" skipped="0">
  <testcase classname="com.qa.crm.tests.ContactsPageTest" name="verifyContactsPageLabelTest" time="0.170"/>
  <system-out/>
  <testcase classname="com.qa.crm.tests.ContactsPageTest" name="createNewContactTest" time="6.566"/>
  <system-out/>
  <testcase classname="com.qa.crm.tests.ContactsPageTest" name="createNewContactTest" time="6.473"/>
  <system-out/>
  <testcase classname="com.qa.crm.tests.ContactsPageTest" name="createNewContactTest" time="8.435"/>
  <system-out/>
  <testcase classname="com.qa.crm.tests.ContactsPageTest" name="searchTest" time="6.931"/>
  <system-out/>
  <testcase classname="com.qa.crm.tests.ContactsPageTest" name="searchTest" time="8.255"/>
  <system-out/>
  <testcase classname="com.qa.crm.tests.ContactsPageTest" name="searchTest" time="7.690"/>
  <system-out/>
</testsuite> <!-- com.qa.crm.tests.ContactsPageTest -->
