<?xml version="1.0" encoding="UTF-8"?>
<!-- Generated by org.testng.reporters.JUnitReportReporter -->
<testsuite hostname="DESKTOP-CI74CGQ" failures="0" tests="1" name="com.qa.crm.tests.FormPageTest" time="4.268" errors="0" timestamp="2025-03-28T20:57:03 IST" skipped="0">
  <testcase classname="com.qa.crm.tests.FormPageTest" name="formSubmitPageTest" time="4.268"/>
  <system-out/>
</testsuite> <!-- com.qa.crm.tests.FormPageTest -->
