<?xml version="1.0" encoding="UTF-8"?>
<!-- Generated by org.testng.reporters.JUnitReportReporter -->
<testsuite hostname="DESKTOP-CI74CGQ" failures="0" tests="6" name="com.qa.crm.tests.HomePageTest" time="4.628" errors="0" timestamp="2025-04-13T18:23:38 IST" skipped="0">
  <testcase classname="com.qa.crm.tests.HomePageTest" name="homePageTitleTest" time="0.018"/>
  <testcase classname="com.qa.crm.tests.HomePageTest" name="isHomePageIconTest" time="4.183"/>
  <testcase classname="com.qa.crm.tests.HomePageTest" name="isCalendarPageIconTest" time="0.112"/>
  <testcase classname="com.qa.crm.tests.HomePageTest" name="isContactsPageIconTest" time="0.053"/>
  <testcase classname="com.qa.crm.tests.HomePageTest" name="homePageHeadersCountTest" time="0.062"/>
  <testcase classname="com.qa.crm.tests.HomePageTest" name="homePageHeadersTest" time="0.200"/>
</testsuite> <!-- com.qa.crm.tests.HomePageTest -->
