<?xml version="1.0" encoding="UTF-8"?>
<!-- Generated by org.testng.reporters.JUnitReportReporter -->
<testsuite hostname="DESKTOP-CI74CGQ" failures="0" tests="1" name="com.qa.crm.tests.HomePageTest" time="25.059" errors="0" timestamp="2025-03-26T10:10:59 IST" skipped="0">
  <testcase classname="com.qa.crm.tests.HomePageTest" name="searchTest" time="25.059"/>
  <system-out/>
</testsuite> <!-- com.qa.crm.tests.HomePageTest -->
