<?xml version="1.0" encoding="UTF-8"?>
<!-- Generated by org.testng.reporters.JUnitReportReporter -->
<testsuite hostname="DESKTOP-CI74CGQ" failures="0" tests="4" name="com.qa.crm.tests.LoginPageTest" time="3.429" errors="0" timestamp="2025-04-13T18:23:38 IST" skipped="0">
  <testcase classname="com.qa.crm.tests.LoginPageTest" name="loginPageURLTest" time="0.308"/>
  <testcase classname="com.qa.crm.tests.LoginPageTest" name="loginPageTitleTest" time="0.567"/>
  <testcase classname="com.qa.crm.tests.LoginPageTest" name="bellIconExist" time="0.567"/>
  <testcase classname="com.qa.crm.tests.LoginPageTest" name="loginTest" time="1.987"/>
</testsuite> <!-- com.qa.crm.tests.LoginPageTest -->
