<?xml version="1.0" encoding="UTF-8"?>
<!-- Generated by org.testng.reporters.JUnitReportReporter -->
<testsuite hostname="DESKTOP-CI74CGQ" failures="0" tests="4" name="com.qa.crm.tests.LoginPageTest" time="1.313" errors="0" timestamp="2025-03-28T16:31:44 IST" skipped="0">
  <testcase classname="com.qa.crm.tests.LoginPageTest" name="loginPageTitleTest" time="0.066"/>
  <system-out/>
  <testcase classname="com.qa.crm.tests.LoginPageTest" name="loginPageURLTest" time="0.044"/>
  <system-out/>
  <testcase classname="com.qa.crm.tests.LoginPageTest" name="bellIconExist" time="0.296"/>
  <system-out/>
  <testcase classname="com.qa.crm.tests.LoginPageTest" name="loginTest" time="0.907"/>
  <system-out/>
</testsuite> <!-- com.qa.crm.tests.LoginPageTest -->
