<?xml version="1.0" encoding="UTF-8"?>
<!-- Generated by org.testng.reporters.JUnitReportReporter -->
<testsuite hostname="DESKTOP-CI74CGQ" failures="0" tests="4" name="com.qa.crm.tests.LoginPageTest" time="10.222" errors="0" timestamp="2025-04-01T22:50:12 IST" skipped="0">
  <testcase classname="com.qa.crm.tests.LoginPageTest" name="loginPageTitleTest" time="0.373"/>
  <system-out/>
  <testcase classname="com.qa.crm.tests.LoginPageTest" name="bellIconExist" time="1.569"/>
  <system-out/>
  <testcase classname="com.qa.crm.tests.LoginPageTest" name="loginPageURLTest" time="0.050"/>
  <system-out/>
  <testcase classname="com.qa.crm.tests.LoginPageTest" name="loginTest" time="8.230"/>
  <system-out/>
</testsuite> <!-- com.qa.crm.tests.LoginPageTest -->
