<?xml version="1.0" encoding="UTF-8"?>
<!-- Generated by org.testng.reporters.JUnitReportReporter -->
<testsuite hostname="DESKTOP-CI74CGQ" failures="0" tests="7" name="com.qa.crm.tests.ContactsPageTest" time="45.079" errors="0" timestamp="2025-04-12T21:33:22 IST" skipped="0">
  <testcase classname="com.qa.crm.tests.ContactsPageTest" name="verifyContactsPageLabelTest" time="0.075"/>
  <system-out/>
  <testcase classname="com.qa.crm.tests.ContactsPageTest" name="createNewContactTest" time="6.761"/>
  <system-out/>
  <testcase classname="com.qa.crm.tests.ContactsPageTest" name="createNewContactTest" time="7.257"/>
  <system-out/>
  <testcase classname="com.qa.crm.tests.ContactsPageTest" name="createNewContactTest" time="7.957"/>
  <system-out/>
  <testcase classname="com.qa.crm.tests.ContactsPageTest" name="searchTest" time="7.356"/>
  <system-out/>
  <testcase classname="com.qa.crm.tests.ContactsPageTest" name="searchTest" time="7.440"/>
  <system-out/>
  <testcase classname="com.qa.crm.tests.ContactsPageTest" name="searchTest" time="8.233"/>
  <system-out/>
</testsuite> <!-- com.qa.crm.tests.ContactsPageTest -->
