<?xml version="1.0" encoding="UTF-8"?>
<!-- Generated by org.testng.reporters.JUnitReportReporter -->
<testsuite hostname="DESKTOP-CI74CGQ" failures="0" tests="6" name="com.qa.crm.tests.HomePageTest" time="2.956" errors="0" timestamp="2025-03-23T22:02:54 IST" skipped="0">
  <testcase classname="com.qa.crm.tests.HomePageTest" name="isContactsPageIconTest" time="0.054"/>
  <system-out/>
  <testcase classname="com.qa.crm.tests.HomePageTest" name="isCalendarPageIconTest" time="0.030"/>
  <system-out/>
  <testcase classname="com.qa.crm.tests.HomePageTest" name="homePageHeadersTest" time="0.142"/>
  <system-out/>
  <testcase classname="com.qa.crm.tests.HomePageTest" name="homePageTitleTest" time="0.040"/>
  <system-out/>
  <testcase classname="com.qa.crm.tests.HomePageTest" name="homePageHeadersCountTest" time="2.657"/>
  <system-out/>
  <testcase classname="com.qa.crm.tests.HomePageTest" name="isHomePageIconTest" time="0.033"/>
  <system-out/>
</testsuite> <!-- com.qa.crm.tests.HomePageTest -->
