<?xml version="1.0" encoding="UTF-8"?>
<!-- Generated by org.testng.reporters.JUnitReportReporter -->
<testsuite hostname="DESKTOP-CI74CGQ" failures="0" tests="3" name="com.qa.crm.tests.FormPageTest" time="39.258" errors="0" timestamp="2025-03-29T17:29:58 IST" skipped="0">
  <testcase classname="com.qa.crm.tests.FormPageTest" name="formSubmitPageTest" time="13.221"/>
  <system-out/>
  <testcase classname="com.qa.crm.tests.FormPageTest" name="formSubmitPageTest" time="12.845"/>
  <system-out/>
  <testcase classname="com.qa.crm.tests.FormPageTest" name="formSubmitPageTest" time="13.192"/>
  <system-out/>
</testsuite> <!-- com.qa.crm.tests.FormPageTest -->
