<?xml version="1.0" encoding="UTF-8"?>
<!-- Generated by org.testng.reporters.JUnitReportReporter -->
<testsuite hostname="DESKTOP-CI74CGQ" failures="0" tests="6" name="com.qa.crm.tests.HomePageTest" time="2.659" errors="0" timestamp="2025-03-30T19:01:04 IST" skipped="0">
  <testcase classname="com.qa.crm.tests.HomePageTest" name="homePageTitleTest" time="0.019"/>
  <system-out/>
  <testcase classname="com.qa.crm.tests.HomePageTest" name="isHomePageIconTest" time="2.187"/>
  <system-out/>
  <testcase classname="com.qa.crm.tests.HomePageTest" name="isCalendarPageIconTest" time="0.108"/>
  <system-out/>
  <testcase classname="com.qa.crm.tests.HomePageTest" name="isContactsPageIconTest" time="0.145"/>
  <system-out/>
  <testcase classname="com.qa.crm.tests.HomePageTest" name="homePageHeadersCountTest" time="0.083"/>
  <system-out/>
  <testcase classname="com.qa.crm.tests.HomePageTest" name="homePageHeadersTest" time="0.117"/>
  <system-out/>
</testsuite> <!-- com.qa.crm.tests.HomePageTest -->
