<?xml version="1.0" encoding="UTF-8"?>
<!-- Generated by org.testng.reporters.JUnitReportReporter -->
<testsuite hostname="DESKTOP-CI74CGQ" failures="0" tests="4" name="com.qa.crm.tests.LoginPageTest" time="0.748" errors="0" timestamp="2025-03-22T14:31:33 IST" skipped="0">
  <testcase classname="com.qa.crm.tests.LoginPageTest" name="loginPageURLTest" time="0.015"/>
  <system-out/>
  <testcase classname="com.qa.crm.tests.LoginPageTest" name="loginPageTitleTest" time="0.028"/>
  <system-out/>
  <testcase classname="com.qa.crm.tests.LoginPageTest" name="bellIconExist" time="0.202"/>
  <system-out/>
  <testcase classname="com.qa.crm.tests.LoginPageTest" name="loginTest" time="0.503"/>
  <system-out/>
</testsuite> <!-- com.qa.crm.tests.LoginPageTest -->
