<?xml version="1.0" encoding="UTF-8"?>
<!-- Generated by org.testng.reporters.JUnitReportReporter -->
<testsuite hostname="DESKTOP-CI74CGQ" failures="0" tests="3" name="com.qa.crm.tests.FormPageTest" time="41.999" errors="0" timestamp="2025-04-10T15:29:36 IST" skipped="0">
  <testcase classname="com.qa.crm.tests.FormPageTest" name="formSubmitPageTest" time="13.213"/>
  <system-out/>
  <testcase classname="com.qa.crm.tests.FormPageTest" name="formSubmitPageTest" time="15.557"/>
  <system-out/>
  <testcase classname="com.qa.crm.tests.FormPageTest" name="formSubmitPageTest" time="13.229"/>
  <system-out/>
</testsuite> <!-- com.qa.crm.tests.FormPageTest -->
