<?xml version="1.0" encoding="UTF-8"?>
<!-- Generated by org.testng.reporters.JUnitReportReporter -->
<testsuite hostname="DESKTOP-CI74CGQ" failures="0" tests="3" name="com.qa.crm.tests.FormPageTest" time="40.726" errors="0" timestamp="2025-04-06T22:30:33 IST" skipped="0">
  <testcase classname="com.qa.crm.tests.FormPageTest" name="formSubmitPageTest" time="13.572"/>
  <system-out/>
  <testcase classname="com.qa.crm.tests.FormPageTest" name="formSubmitPageTest" time="13.141"/>
  <system-out/>
  <testcase classname="com.qa.crm.tests.FormPageTest" name="formSubmitPageTest" time="14.013"/>
  <system-out/>
</testsuite> <!-- com.qa.crm.tests.FormPageTest -->
