<?xml version="1.0" encoding="UTF-8"?>
<!-- Generated by org.testng.reporters.JUnitReportReporter -->
<testsuite hostname="DESKTOP-CI74CGQ" failures="0" tests="7" name="com.qa.crm.tests.HomePageTest" time="3.094" errors="0" timestamp="2025-04-12T21:33:22 IST" skipped="1">
  <testcase classname="com.qa.crm.tests.HomePageTest" name="homePageTitleTest" time="0.032"/>
  <system-out/>
  <testcase classname="com.qa.crm.tests.HomePageTest" name="isHomePageIconTest" time="2.628"/>
  <system-out/>
  <testcase classname="com.qa.crm.tests.HomePageTest" name="isCalendarPageIconTest" time="0.071"/>
  <system-out/>
  <testcase classname="com.qa.crm.tests.HomePageTest" name="isContactsPageIconTest" time="0.082"/>
  <system-out/>
  <testcase classname="com.qa.crm.tests.HomePageTest" name="homePageHeadersCountTest" time="0.111">
    <skipped/>
  </testcase> <!-- homePageHeadersCountTest -->
  <system-out/>
  <testcase classname="com.qa.crm.tests.HomePageTest" name="homePageHeadersCountTest" time="0.079"/>
  <system-out/>
  <testcase classname="com.qa.crm.tests.HomePageTest" name="homePageHeadersTest" time="0.091"/>
  <system-out/>
</testsuite> <!-- com.qa.crm.tests.HomePageTest -->
