<?xml version="1.0" encoding="UTF-8"?>
<!-- Generated by org.testng.reporters.JUnitReportReporter -->
<testsuite hostname="DESKTOP-CI74CGQ" failures="0" tests="4" name="com.qa.crm.tests.LoginPageTest" time="3.131" errors="0" timestamp="2025-03-30T19:01:04 IST" skipped="0">
  <testcase classname="com.qa.crm.tests.LoginPageTest" name="bellIconExist" time="0.409"/>
  <system-out/>
  <testcase classname="com.qa.crm.tests.LoginPageTest" name="loginPageURLTest" time="0.573"/>
  <system-out/>
  <testcase classname="com.qa.crm.tests.LoginPageTest" name="loginPageTitleTest" time="0.571"/>
  <system-out/>
  <testcase classname="com.qa.crm.tests.LoginPageTest" name="loginTest" time="1.578"/>
  <system-out/>
</testsuite> <!-- com.qa.crm.tests.LoginPageTest -->
