<?xml version="1.0" encoding="UTF-8"?>
<!-- Generated by org.testng.reporters.JUnitReportReporter -->
<testsuite hostname="DESKTOP-CI74CGQ" failures="0" tests="10" name="com.qa.crm.tests.ContactsPageTest" time="33.006" errors="0" timestamp="2025-03-29T17:29:58 IST" skipped="0">
  <testcase classname="com.qa.crm.tests.ContactsPageTest" name="verifyContactsPageLabelTest" time="0.101"/>
  <system-out/>
  <testcase classname="com.qa.crm.tests.ContactsPageTest" name="createNewContactTest" time="6.469"/>
  <system-out/>
  <testcase classname="com.qa.crm.tests.ContactsPageTest" name="createNewContactTest" time="6.846"/>
  <system-out/>
  <testcase classname="com.qa.crm.tests.ContactsPageTest" name="createNewContactTest" time="8.263"/>
  <system-out/>
  <testcase classname="com.qa.crm.tests.ContactsPageTest" name="searchCountTest" time="1.309"/>
  <system-out/>
  <testcase classname="com.qa.crm.tests.ContactsPageTest" name="searchCountTest" time="1.406"/>
  <system-out/>
  <testcase classname="com.qa.crm.tests.ContactsPageTest" name="searchCountTest" time="1.321"/>
  <system-out/>
  <testcase classname="com.qa.crm.tests.ContactsPageTest" name="searchTest" time="2.603"/>
  <system-out/>
  <testcase classname="com.qa.crm.tests.ContactsPageTest" name="searchTest" time="2.081"/>
  <system-out/>
  <testcase classname="com.qa.crm.tests.ContactsPageTest" name="searchTest" time="2.607"/>
  <system-out/>
</testsuite> <!-- com.qa.crm.tests.ContactsPageTest -->
