<?xml version="1.0" encoding="UTF-8"?>
<!-- Generated by org.testng.reporters.JUnitReportReporter -->
<testsuite hostname="DESKTOP-CI74CGQ" failures="0" tests="7" name="com.qa.crm.tests.ContactsPageTest" time="71.832" errors="0" timestamp="2025-04-01T22:50:12 IST" skipped="0">
  <testcase classname="com.qa.crm.tests.ContactsPageTest" name="verifyContactsPageLabelTest" time="2.704"/>
  <system-out/>
  <testcase classname="com.qa.crm.tests.ContactsPageTest" name="createNewContactTest" time="14.193"/>
  <system-out/>
  <testcase classname="com.qa.crm.tests.ContactsPageTest" name="createNewContactTest" time="12.984"/>
  <system-out/>
  <testcase classname="com.qa.crm.tests.ContactsPageTest" name="createNewContactTest" time="12.889"/>
  <system-out/>
  <testcase classname="com.qa.crm.tests.ContactsPageTest" name="searchTest" time="10.173"/>
  <system-out/>
  <testcase classname="com.qa.crm.tests.ContactsPageTest" name="searchTest" time="9.416"/>
  <system-out/>
  <testcase classname="com.qa.crm.tests.ContactsPageTest" name="searchTest" time="9.473"/>
  <system-out/>
</testsuite> <!-- com.qa.crm.tests.ContactsPageTest -->
