<?xml version="1.0" encoding="UTF-8"?>
<!-- Generated by org.testng.reporters.JUnitReportReporter -->
<testsuite hostname="DESKTOP-CI74CGQ" failures="0" tests="4" name="com.qa.crm.tests.LoginPageTest" time="4.300" errors="0" timestamp="2025-04-03T21:56:29 IST" skipped="0">
  <testcase classname="com.qa.crm.tests.LoginPageTest" name="loginPageTitleTest" time="0.674"/>
  <system-out/>
  <testcase classname="com.qa.crm.tests.LoginPageTest" name="loginPageURLTest" time="0.178"/>
  <system-out/>
  <testcase classname="com.qa.crm.tests.LoginPageTest" name="bellIconExist" time="0.869"/>
  <system-out/>
  <testcase classname="com.qa.crm.tests.LoginPageTest" name="loginTest" time="2.579"/>
  <system-out/>
</testsuite> <!-- com.qa.crm.tests.LoginPageTest -->
