<?xml version="1.0" encoding="UTF-8"?>
<!-- Generated by org.testng.reporters.JUnitReportReporter -->
<testsuite hostname="DESKTOP-CI74CGQ" failures="0" tests="4" name="com.qa.crm.tests.LoginPageTest" time="8.073" errors="0" timestamp="2025-04-13T14:28:55 IST" skipped="0">
  <testcase classname="com.qa.crm.tests.LoginPageTest" name="loginPageURLTest" time="0.094"/>
  <testcase classname="com.qa.crm.tests.LoginPageTest" name="loginPageTitleTest" time="0.726"/>
  <testcase classname="com.qa.crm.tests.LoginPageTest" name="bellIconExist" time="0.774"/>
  <testcase classname="com.qa.crm.tests.LoginPageTest" name="loginTest" time="6.479"/>
</testsuite> <!-- com.qa.crm.tests.LoginPageTest -->
