<?xml version="1.0" encoding="UTF-8"?>
<!-- Generated by org.testng.reporters.JUnitReportReporter -->
<testsuite hostname="DESKTOP-CI74CGQ" failures="0" tests="3" name="com.qa.crm.tests.FormPageTest" time="45.686" errors="0" timestamp="2025-03-30T19:01:04 IST" skipped="0">
  <testcase classname="com.qa.crm.tests.FormPageTest" name="formSubmitPageTest" time="13.029"/>
  <system-out/>
  <testcase classname="com.qa.crm.tests.FormPageTest" name="formSubmitPageTest" time="13.720"/>
  <system-out/>
  <testcase classname="com.qa.crm.tests.FormPageTest" name="formSubmitPageTest" time="18.937"/>
  <system-out/>
</testsuite> <!-- com.qa.crm.tests.FormPageTest -->
