<?xml version="1.0" encoding="UTF-8"?>
<!-- Generated by org.testng.reporters.JUnitReportReporter -->
<testsuite hostname="DESKTOP-CI74CGQ" failures="0" tests="9" name="com.qa.crm.tests.HomePageTest" time="5.791" errors="0" timestamp="2025-03-26T10:58:22 IST" skipped="0">
  <testcase classname="com.qa.crm.tests.HomePageTest" name="homePageTitleTest" time="0.129"/>
  <system-out/>
  <testcase classname="com.qa.crm.tests.HomePageTest" name="isHomePageIconTest" time="2.277"/>
  <system-out/>
  <testcase classname="com.qa.crm.tests.HomePageTest" name="isCalendarPageIconTest" time="0.124"/>
  <system-out/>
  <testcase classname="com.qa.crm.tests.HomePageTest" name="isContactsPageIconTest" time="0.159"/>
  <system-out/>
  <testcase classname="com.qa.crm.tests.HomePageTest" name="homePageHeadersCountTest" time="0.061"/>
  <system-out/>
  <testcase classname="com.qa.crm.tests.HomePageTest" name="homePageHeadersTest" time="0.111"/>
  <system-out/>
  <testcase classname="com.qa.crm.tests.HomePageTest" name="searchCountTest" time="1.013"/>
  <system-out/>
  <testcase classname="com.qa.crm.tests.HomePageTest" name="returnBackToHomePageTest" time="0.110"/>
  <system-out/>
  <testcase classname="com.qa.crm.tests.HomePageTest" name="searchTest" time="1.807"/>
  <system-out/>
</testsuite> <!-- com.qa.crm.tests.HomePageTest -->
