<?xml version="1.0" encoding="UTF-8"?>
<!-- Generated by org.testng.reporters.JUnitReportReporter -->
<testsuite hostname="DESKTOP-CI74CGQ" failures="0" tests="7" name="com.qa.crm.tests.ContactsPageTest" time="43.831" errors="0" timestamp="2025-04-12T17:39:05 IST" skipped="0">
  <testcase classname="com.qa.crm.tests.ContactsPageTest" name="verifyContactsPageLabelTest" time="0.065"/>
  <system-out/>
  <testcase classname="com.qa.crm.tests.ContactsPageTest" name="createNewContactTest" time="7.384"/>
  <system-out/>
  <testcase classname="com.qa.crm.tests.ContactsPageTest" name="createNewContactTest" time="7.023"/>
  <system-out/>
  <testcase classname="com.qa.crm.tests.ContactsPageTest" name="createNewContactTest" time="7.171"/>
  <system-out/>
  <testcase classname="com.qa.crm.tests.ContactsPageTest" name="searchTest" time="8.034"/>
  <system-out/>
  <testcase classname="com.qa.crm.tests.ContactsPageTest" name="searchTest" time="7.189"/>
  <system-out/>
  <testcase classname="com.qa.crm.tests.ContactsPageTest" name="searchTest" time="6.965"/>
  <system-out/>
</testsuite> <!-- com.qa.crm.tests.ContactsPageTest -->
