<?xml version="1.0" encoding="UTF-8"?>
<!-- Generated by org.testng.reporters.JUnitReportReporter -->
<testsuite hostname="DESKTOP-CI74CGQ" failures="0" tests="7" name="com.qa.crm.tests.ContactsPageTest" time="48.006" errors="0" timestamp="2025-04-10T15:29:36 IST" skipped="0">
  <testcase classname="com.qa.crm.tests.ContactsPageTest" name="verifyContactsPageLabelTest" time="0.311"/>
  <system-out/>
  <testcase classname="com.qa.crm.tests.ContactsPageTest" name="createNewContactTest" time="8.876"/>
  <system-out/>
  <testcase classname="com.qa.crm.tests.ContactsPageTest" name="createNewContactTest" time="9.165"/>
  <system-out/>
  <testcase classname="com.qa.crm.tests.ContactsPageTest" name="createNewContactTest" time="6.935"/>
  <system-out/>
  <testcase classname="com.qa.crm.tests.ContactsPageTest" name="searchTest" time="7.071"/>
  <system-out/>
  <testcase classname="com.qa.crm.tests.ContactsPageTest" name="searchTest" time="8.757"/>
  <system-out/>
  <testcase classname="com.qa.crm.tests.ContactsPageTest" name="searchTest" time="6.891"/>
  <system-out/>
</testsuite> <!-- com.qa.crm.tests.ContactsPageTest -->
