<?xml version="1.0" encoding="UTF-8"?>
<!-- Generated by org.testng.reporters.JUnitReportReporter -->
<testsuite hostname="DESKTOP-CI74CGQ" failures="0" tests="3" name="com.qa.crm.tests.FormPageTest" time="40.403" errors="0" timestamp="2025-04-13T14:28:55 IST" skipped="0">
  <testcase classname="com.qa.crm.tests.FormPageTest" name="formSubmitPageTest" time="12.851"/>
  <testcase classname="com.qa.crm.tests.FormPageTest" name="formSubmitPageTest" time="14.634"/>
  <testcase classname="com.qa.crm.tests.FormPageTest" name="formSubmitPageTest" time="12.918"/>
</testsuite> <!-- com.qa.crm.tests.FormPageTest -->
