<?xml version="1.0" encoding="UTF-8"?>
<!-- Generated by org.testng.reporters.JUnitReportReporter -->
<testsuite hostname="DESKTOP-CI74CGQ" failures="0" tests="4" name="com.qa.crm.tests.LoginPageTest" time="4.913" errors="0" timestamp="2025-03-29T22:19:59 IST" skipped="0">
  <testcase classname="com.qa.crm.tests.LoginPageTest" name="loginPageTitleTest" time="0.054"/>
  <system-out/>
  <testcase classname="com.qa.crm.tests.LoginPageTest" name="bellIconExist" time="0.371"/>
  <system-out/>
  <testcase classname="com.qa.crm.tests.LoginPageTest" name="loginPageURLTest" time="0.095"/>
  <system-out/>
  <testcase classname="com.qa.crm.tests.LoginPageTest" name="loginTest" time="4.393"/>
  <system-out/>
</testsuite> <!-- com.qa.crm.tests.LoginPageTest -->
