<?xml version="1.0" encoding="UTF-8"?>
<!-- Generated by org.testng.reporters.JUnitReportReporter -->
<testsuite hostname="DESKTOP-CI74CGQ" failures="0" tests="4" name="com.qa.crm.tests.LoginPageTest" time="2.727" errors="0" timestamp="2025-04-12T21:33:22 IST" skipped="0">
  <testcase classname="com.qa.crm.tests.LoginPageTest" name="loginPageTitleTest" time="0.193"/>
  <system-out/>
  <testcase classname="com.qa.crm.tests.LoginPageTest" name="loginPageURLTest" time="0.157"/>
  <system-out/>
  <testcase classname="com.qa.crm.tests.LoginPageTest" name="bellIconExist" time="0.563"/>
  <system-out/>
  <testcase classname="com.qa.crm.tests.LoginPageTest" name="loginTest" time="1.814"/>
  <system-out/>
</testsuite> <!-- com.qa.crm.tests.LoginPageTest -->
