<?xml version="1.0" encoding="UTF-8"?>
<!-- Generated by org.testng.reporters.JUnitReportReporter -->
<testsuite hostname="DESKTOP-CI74CGQ" failures="0" tests="6" name="com.qa.crm.tests.HomePageTest" time="4.736" errors="0" timestamp="2025-03-29T17:29:58 IST" skipped="0">
  <testcase classname="com.qa.crm.tests.HomePageTest" name="homePageTitleTest" time="0.089"/>
  <system-out/>
  <testcase classname="com.qa.crm.tests.HomePageTest" name="isHomePageIconTest" time="3.558"/>
  <system-out/>
  <testcase classname="com.qa.crm.tests.HomePageTest" name="isCalendarPageIconTest" time="0.137"/>
  <system-out/>
  <testcase classname="com.qa.crm.tests.HomePageTest" name="isContactsPageIconTest" time="0.527"/>
  <system-out/>
  <testcase classname="com.qa.crm.tests.HomePageTest" name="homePageHeadersCountTest" time="0.275"/>
  <system-out/>
  <testcase classname="com.qa.crm.tests.HomePageTest" name="homePageHeadersTest" time="0.150"/>
  <system-out/>
</testsuite> <!-- com.qa.crm.tests.HomePageTest -->
