<?xml version="1.0" encoding="UTF-8"?>
<!-- Generated by org.testng.reporters.JUnitReportReporter -->
<testsuite hostname="DESKTOP-CI74CGQ" failures="0" tests="4" name="com.qa.crm.tests.LoginPageTest" time="1.625" errors="0" timestamp="2025-04-12T17:22:28 IST" skipped="0">
  <testcase classname="com.qa.crm.tests.LoginPageTest" name="bellIconExist" time="0.483"/>
  <system-out/>
  <testcase classname="com.qa.crm.tests.LoginPageTest" name="loginPageTitleTest" time="0.080"/>
  <system-out/>
  <testcase classname="com.qa.crm.tests.LoginPageTest" name="loginPageURLTest" time="0.056"/>
  <system-out/>
  <testcase classname="com.qa.crm.tests.LoginPageTest" name="loginTest" time="1.006"/>
  <system-out/>
</testsuite> <!-- com.qa.crm.tests.LoginPageTest -->
