<?xml version="1.0" encoding="UTF-8"?>
<!-- Generated by org.testng.reporters.JUnitReportReporter -->
<testsuite hostname="DESKTOP-CI74CGQ" failures="0" tests="7" name="com.qa.crm.tests.ContactsPageTest" time="45.449" errors="0" timestamp="2025-04-13T14:28:55 IST" skipped="0">
  <testcase classname="com.qa.crm.tests.ContactsPageTest" name="verifyContactsPageLabelTest" time="0.159"/>
  <testcase classname="com.qa.crm.tests.ContactsPageTest" name="createNewContactTest" time="7.145"/>
  <testcase classname="com.qa.crm.tests.ContactsPageTest" name="createNewContactTest" time="7.109"/>
  <testcase classname="com.qa.crm.tests.ContactsPageTest" name="createNewContactTest" time="8.443"/>
  <testcase classname="com.qa.crm.tests.ContactsPageTest" name="searchTest" time="7.544"/>
  <testcase classname="com.qa.crm.tests.ContactsPageTest" name="searchTest" time="7.883"/>
  <testcase classname="com.qa.crm.tests.ContactsPageTest" name="searchTest" time="7.166"/>
</testsuite> <!-- com.qa.crm.tests.ContactsPageTest -->
