<?xml version="1.0" encoding="UTF-8"?>
<!-- Generated by org.testng.reporters.JUnitReportReporter -->
<testsuite hostname="DESKTOP-CI74CGQ" failures="0" tests="7" name="com.qa.crm.tests.ContactsPageTest" time="47.676" errors="0" timestamp="2025-04-13T18:23:38 IST" skipped="0">
  <testcase classname="com.qa.crm.tests.ContactsPageTest" name="verifyContactsPageLabelTest" time="1.633"/>
  <testcase classname="com.qa.crm.tests.ContactsPageTest" name="createNewContactTest" time="6.882"/>
  <testcase classname="com.qa.crm.tests.ContactsPageTest" name="createNewContactTest" time="7.649"/>
  <testcase classname="com.qa.crm.tests.ContactsPageTest" name="createNewContactTest" time="8.794"/>
  <testcase classname="com.qa.crm.tests.ContactsPageTest" name="searchTest" time="7.399"/>
  <testcase classname="com.qa.crm.tests.ContactsPageTest" name="searchTest" time="7.985"/>
  <testcase classname="com.qa.crm.tests.ContactsPageTest" name="searchTest" time="7.334"/>
</testsuite> <!-- com.qa.crm.tests.ContactsPageTest -->
