<?xml version="1.0" encoding="UTF-8"?>
<!-- Generated by org.testng.reporters.JUnitReportReporter -->
<testsuite hostname="DESKTOP-CI74CGQ" failures="0" tests="6" name="com.qa.crm.tests.HomePageTest" time="2.755" errors="0" timestamp="2025-04-13T14:28:55 IST" skipped="0">
  <testcase classname="com.qa.crm.tests.HomePageTest" name="homePageTitleTest" time="0.025"/>
  <testcase classname="com.qa.crm.tests.HomePageTest" name="isHomePageIconTest" time="2.353"/>
  <testcase classname="com.qa.crm.tests.HomePageTest" name="isCalendarPageIconTest" time="0.064"/>
  <testcase classname="com.qa.crm.tests.HomePageTest" name="isContactsPageIconTest" time="0.068"/>
  <testcase classname="com.qa.crm.tests.HomePageTest" name="homePageHeadersCountTest" time="0.149"/>
  <testcase classname="com.qa.crm.tests.HomePageTest" name="homePageHeadersTest" time="0.096"/>
</testsuite> <!-- com.qa.crm.tests.HomePageTest -->
