<?xml version="1.0" encoding="UTF-8"?>
<!-- Generated by org.testng.reporters.JUnitReportReporter -->
<testsuite hostname="DESKTOP-CI74CGQ" failures="0" tests="4" name="com.qa.crm.tests.LoginPageTest" time="4.897" errors="0" timestamp="2025-04-12T16:49:09 IST" skipped="0">
  <testcase classname="com.qa.crm.tests.LoginPageTest" name="loginPageURLTest" time="0.451"/>
  <system-out/>
  <testcase classname="com.qa.crm.tests.LoginPageTest" name="loginPageTitleTest" time="0.292"/>
  <system-out/>
  <testcase classname="com.qa.crm.tests.LoginPageTest" name="bellIconExist" time="1.781"/>
  <system-out/>
  <testcase classname="com.qa.crm.tests.LoginPageTest" name="loginTest" time="2.373"/>
  <system-out/>
</testsuite> <!-- com.qa.crm.tests.LoginPageTest -->
